pethotelappfirebase/build/app/intermediates/manifest_merge_blame_file/release/manifest-merger-blame-release-report.txt
1<?xml version="1.0" encoding="utf-8"?>
2<manifest xmlns:android="http://schemas.android.com/apk/res/android"
3    package="com.unclecurly320.petserviceapp"
4    android:versionCode="10"
5    android:versionName="1.0.9" >
6
7    <uses-sdk
8        android:minSdkVersion="21"
8-->src/main/AndroidManifest.xml
9        android:targetSdkVersion="34" /> <!-- 添加权限请求 -->
9-->src/main/AndroidManifest.xml
10    <uses-permission android:name="android.permission.READ_EXTERNAL_STORAGE" />
10-->src/main/AndroidManifest.xml:3:5-79
10-->src/main/AndroidManifest.xml:3:22-77
11    <uses-permission android:name="android.permission.INTERNET" />
11-->[com.google.firebase:firebase-auth:22.3.1] AndroidManifest.xml:25:5-67
11-->[com.google.firebase:firebase-auth:22.3.1] AndroidManifest.xml:25:22-64
12    <uses-permission android:name="android.permission.ACCESS_NETWORK_STATE" />
12-->[com.google.firebase:firebase-auth:22.3.1] AndroidManifest.xml:26:5-79
12-->[com.google.firebase:firebase-auth:22.3.1] AndroidManifest.xml:26:22-76
13    <uses-permission android:name="com.google.android.providers.gsf.permission.READ_GSERVICES" />
13-->[com.google.android.recaptcha:recaptcha:18.4.0] AndroidManifest.xml:9:5-98
13-->[com.google.android.recaptcha:recaptcha:18.4.0] AndroidManifest.xml:9:22-95
14
15    <permission
15-->[androidx.core:core:1.10.1] AndroidManifest.xml:22:5-24:47
16        android:name="com.unclecurly320.petserviceapp.DYNAMIC_RECEIVER_NOT_EXPORTED_PERMISSION"
16-->[androidx.core:core:1.10.1] AndroidManifest.xml:23:9-81
17        android:protectionLevel="signature" />
17-->[androidx.core:core:1.10.1] AndroidManifest.xml:24:9-44
18
19    <uses-permission android:name="com.unclecurly320.petserviceapp.DYNAMIC_RECEIVER_NOT_EXPORTED_PERMISSION" />
19-->[androidx.core:core:1.10.1] AndroidManifest.xml:26:5-97
19-->[androidx.core:core:1.10.1] AndroidManifest.xml:26:22-94
20
21    <application
22        android:name="android.app.Application"
22-->src/main/AndroidManifest.xml:7:9-42
23        android:appComponentFactory="androidx.core.app.CoreComponentFactory"
23-->[androidx.core:core:1.10.1] AndroidManifest.xml:28:18-86
24        android:icon="@mipmap/ic_launcher"
24-->src/main/AndroidManifest.xml:8:9-43
25        android:label="捲毛寶寶" >
25-->src/main/AndroidManifest.xml:6:9-29
26        <activity
26-->src/main/AndroidManifest.xml:9:9-35:20
27            android:name="com.unclecurly320.petserviceapp.MainActivity"
27-->src/main/AndroidManifest.xml:10:13-41
28            android:configChanges="orientation|keyboardHidden|keyboard|screenSize|smallestScreenSize|locale|layoutDirection|fontScale|screenLayout|density|uiMode"
28-->src/main/AndroidManifest.xml:14:13-163
29            android:exported="true"
29-->src/main/AndroidManifest.xml:11:13-36
30            android:hardwareAccelerated="true"
30-->src/main/AndroidManifest.xml:15:13-47
31            android:launchMode="singleTop"
31-->src/main/AndroidManifest.xml:12:13-43
32            android:theme="@style/LaunchTheme"
32-->src/main/AndroidManifest.xml:13:13-47
33            android:windowSoftInputMode="adjustResize" >
33-->src/main/AndroidManifest.xml:16:13-55
34
35            <!--
36                 Specifies an Android theme to apply to this Activity as soon as
37                 the Android process has started. This theme is visible to the user
38                 while the Flutter UI initializes. After that, this theme continues
39                 to determine the Window background behind the Flutter UI.
40            -->
41            <meta-data
41-->src/main/AndroidManifest.xml:21:13-24:17
42                android:name="io.flutter.embedding.android.NormalTheme"
42-->src/main/AndroidManifest.xml:22:15-70
43                android:resource="@style/NormalTheme" />
43-->src/main/AndroidManifest.xml:23:15-52
44
45            <intent-filter>
45-->src/main/AndroidManifest.xml:25:13-28:29
46                <action android:name="android.intent.action.MAIN" />
46-->src/main/AndroidManifest.xml:26:17-68
46-->src/main/AndroidManifest.xml:26:25-66
47
48                <category android:name="android.intent.category.LAUNCHER" />
48-->src/main/AndroidManifest.xml:27:17-76
48-->src/main/AndroidManifest.xml:27:27-74
49            </intent-filter>
50            <intent-filter>
50-->src/main/AndroidManifest.xml:29:13-34:29
51                <action android:name="android.intent.action.VIEW" />
51-->src/main/AndroidManifest.xml:30:17-69
51-->src/main/AndroidManifest.xml:30:25-66
52
53                <category android:name="android.intent.category.DEFAULT" />
53-->src/main/AndroidManifest.xml:31:17-76
53-->src/main/AndroidManifest.xml:31:27-73
54                <category android:name="android.intent.category.BROWSABLE" />
54-->src/main/AndroidManifest.xml:32:17-78
54-->src/main/AndroidManifest.xml:32:27-75
55
56                <data android:scheme="pethotelappfirebase" />
56-->src/main/AndroidManifest.xml:33:17-62
56-->src/main/AndroidManifest.xml:33:23-59
57            </intent-filter>
58        </activity>
59        <!--
60             Don't delete the meta-data below.
61             This is used by the Flutter tool to generate GeneratedPluginRegistrant.java
62        -->
63        <meta-data
63-->src/main/AndroidManifest.xml:38:9-40:33
64            android:name="flutterEmbedding"
64-->src/main/AndroidManifest.xml:39:13-44
65            android:value="2" />
65-->src/main/AndroidManifest.xml:40:13-30
66
67        <service
67-->[:firebase_auth] AndroidManifest.xml:10:9-14:19
68            android:name="com.google.firebase.components.ComponentDiscoveryService"
68-->[:firebase_auth] AndroidManifest.xml:10:18-89
69            android:directBootAware="true"
69-->[com.google.firebase:firebase-common:20.4.2] AndroidManifest.xml:32:13-43
70            android:exported="false" >
70-->[com.google.firebase:firebase-auth:22.3.1] AndroidManifest.xml:68:13-37
71            <meta-data
71-->[:firebase_auth] AndroidManifest.xml:11:13-13:85
72                android:name="com.google.firebase.components:io.flutter.plugins.firebase.auth.FlutterFirebaseAuthRegistrar"
72-->[:firebase_auth] AndroidManifest.xml:12:17-124
73                android:value="com.google.firebase.components.ComponentRegistrar" />
73-->[:firebase_auth] AndroidManifest.xml:13:17-82
74            <meta-data
74-->[:firebase_storage] AndroidManifest.xml:11:13-13:85
75                android:name="com.google.firebase.components:io.flutter.plugins.firebase.storage.FlutterFirebaseAppRegistrar"
75-->[:firebase_storage] AndroidManifest.xml:12:17-126
76                android:value="com.google.firebase.components.ComponentRegistrar" />
76-->[:firebase_storage] AndroidManifest.xml:13:17-82
77            <meta-data
77-->[:cloud_firestore] AndroidManifest.xml:11:13-13:85
78                android:name="com.google.firebase.components:io.flutter.plugins.firebase.firestore.FlutterFirebaseFirestoreRegistrar"
78-->[:cloud_firestore] AndroidManifest.xml:12:17-134
79                android:value="com.google.firebase.components.ComponentRegistrar" />
79-->[:cloud_firestore] AndroidManifest.xml:13:17-82
80            <meta-data
80-->[:firebase_core] AndroidManifest.xml:11:13-13:85
81                android:name="com.google.firebase.components:io.flutter.plugins.firebase.core.FlutterFirebaseCoreRegistrar"
81-->[:firebase_core] AndroidManifest.xml:12:17-124
82                android:value="com.google.firebase.components.ComponentRegistrar" />
82-->[:firebase_core] AndroidManifest.xml:13:17-82
83            <meta-data
83-->[com.google.firebase:firebase-auth:22.3.1] AndroidManifest.xml:69:13-71:85
84                android:name="com.google.firebase.components:com.google.firebase.auth.FirebaseAuthRegistrar"
84-->[com.google.firebase:firebase-auth:22.3.1] AndroidManifest.xml:70:17-109
85                android:value="com.google.firebase.components.ComponentRegistrar" />
85-->[com.google.firebase:firebase-auth:22.3.1] AndroidManifest.xml:71:17-82
86            <meta-data
86-->[com.google.firebase:firebase-firestore:24.10.3] AndroidManifest.xml:17:13-19:85
87                android:name="com.google.firebase.components:com.google.firebase.firestore.FirebaseFirestoreKtxRegistrar"
87-->[com.google.firebase:firebase-firestore:24.10.3] AndroidManifest.xml:18:17-122
88                android:value="com.google.firebase.components.ComponentRegistrar" />
88-->[com.google.firebase:firebase-firestore:24.10.3] AndroidManifest.xml:19:17-82
89            <meta-data
89-->[com.google.firebase:firebase-firestore:24.10.3] AndroidManifest.xml:20:13-22:85
90                android:name="com.google.firebase.components:com.google.firebase.firestore.FirestoreRegistrar"
90-->[com.google.firebase:firebase-firestore:24.10.3] AndroidManifest.xml:21:17-111
91                android:value="com.google.firebase.components.ComponentRegistrar" />
91-->[com.google.firebase:firebase-firestore:24.10.3] AndroidManifest.xml:22:17-82
92            <meta-data
92-->[com.google.firebase:firebase-storage:20.3.0] AndroidManifest.xml:30:13-32:85
93                android:name="com.google.firebase.components:com.google.firebase.storage.FirebaseStorageKtxRegistrar"
93-->[com.google.firebase:firebase-storage:20.3.0] AndroidManifest.xml:31:17-118
94                android:value="com.google.firebase.components.ComponentRegistrar" />
94-->[com.google.firebase:firebase-storage:20.3.0] AndroidManifest.xml:32:17-82
95            <meta-data
95-->[com.google.firebase:firebase-storage:20.3.0] AndroidManifest.xml:33:13-35:85
96                android:name="com.google.firebase.components:com.google.firebase.storage.StorageRegistrar"
96-->[com.google.firebase:firebase-storage:20.3.0] AndroidManifest.xml:34:17-107
97                android:value="com.google.firebase.components.ComponentRegistrar" />
97-->[com.google.firebase:firebase-storage:20.3.0] AndroidManifest.xml:35:17-82
98            <meta-data
98-->[com.google.firebase:firebase-appcheck:17.1.2] AndroidManifest.xml:25:13-27:85
99                android:name="com.google.firebase.components:com.google.firebase.appcheck.FirebaseAppCheckKtxRegistrar"
99-->[com.google.firebase:firebase-appcheck:17.1.2] AndroidManifest.xml:26:17-120
100                android:value="com.google.firebase.components.ComponentRegistrar" />
100-->[com.google.firebase:firebase-appcheck:17.1.2] AndroidManifest.xml:27:17-82
101            <meta-data
101-->[com.google.firebase:firebase-appcheck:17.1.2] AndroidManifest.xml:28:13-30:85
102                android:name="com.google.firebase.components:com.google.firebase.appcheck.FirebaseAppCheckRegistrar"
102-->[com.google.firebase:firebase-appcheck:17.1.2] AndroidManifest.xml:29:17-117
103                android:value="com.google.firebase.components.ComponentRegistrar" />
103-->[com.google.firebase:firebase-appcheck:17.1.2] AndroidManifest.xml:30:17-82
104            <meta-data
104-->[com.google.firebase:firebase-common-ktx:20.4.2] AndroidManifest.xml:12:13-14:85
105                android:name="com.google.firebase.components:com.google.firebase.ktx.FirebaseCommonLegacyRegistrar"
105-->[com.google.firebase:firebase-common-ktx:20.4.2] AndroidManifest.xml:13:17-116
106                android:value="com.google.firebase.components.ComponentRegistrar" />
106-->[com.google.firebase:firebase-common-ktx:20.4.2] AndroidManifest.xml:14:17-82
107            <meta-data
107-->[com.google.firebase:firebase-common:20.4.2] AndroidManifest.xml:35:13-37:85
108                android:name="com.google.firebase.components:com.google.firebase.FirebaseCommonKtxRegistrar"
108-->[com.google.firebase:firebase-common:20.4.2] AndroidManifest.xml:36:17-109
109                android:value="com.google.firebase.components.ComponentRegistrar" />
109-->[com.google.firebase:firebase-common:20.4.2] AndroidManifest.xml:37:17-82
110        </service>
111
112        <provider
112-->[:image_picker_android] AndroidManifest.xml:10:9-18:20
113            android:name="io.flutter.plugins.imagepicker.ImagePickerFileProvider"
113-->[:image_picker_android] AndroidManifest.xml:11:13-82
114            android:authorities="com.unclecurly320.petserviceapp.flutter.image_provider"
114-->[:image_picker_android] AndroidManifest.xml:12:13-74
115            android:exported="false"
115-->[:image_picker_android] AndroidManifest.xml:13:13-37
116            android:grantUriPermissions="true" >
116-->[:image_picker_android] AndroidManifest.xml:14:13-47
117            <meta-data
117-->[:image_picker_android] AndroidManifest.xml:15:13-17:75
118                android:name="android.support.FILE_PROVIDER_PATHS"
118-->[:image_picker_android] AndroidManifest.xml:16:17-67
119                android:resource="@xml/flutter_image_picker_file_paths" />
119-->[:image_picker_android] AndroidManifest.xml:17:17-72
120        </provider>
121
122        <activity
122-->[com.google.firebase:firebase-auth:22.3.1] AndroidManifest.xml:29:9-46:20
123            android:name="com.google.firebase.auth.internal.GenericIdpActivity"
123-->[com.google.firebase:firebase-auth:22.3.1] AndroidManifest.xml:30:13-80
124            android:excludeFromRecents="true"
124-->[com.google.firebase:firebase-auth:22.3.1] AndroidManifest.xml:31:13-46
125            android:exported="true"
125-->[com.google.firebase:firebase-auth:22.3.1] AndroidManifest.xml:32:13-36
126            android:launchMode="singleTask"
126-->[com.google.firebase:firebase-auth:22.3.1] AndroidManifest.xml:33:13-44
127            android:theme="@android:style/Theme.Translucent.NoTitleBar" >
127-->[com.google.firebase:firebase-auth:22.3.1] AndroidManifest.xml:34:13-72
128            <intent-filter>
128-->[com.google.firebase:firebase-auth:22.3.1] AndroidManifest.xml:35:13-45:29
129                <action android:name="android.intent.action.VIEW" />
129-->src/main/AndroidManifest.xml:30:17-69
129-->src/main/AndroidManifest.xml:30:25-66
130
131                <category android:name="android.intent.category.DEFAULT" />
131-->src/main/AndroidManifest.xml:31:17-76
131-->src/main/AndroidManifest.xml:31:27-73
132                <category android:name="android.intent.category.BROWSABLE" />
132-->src/main/AndroidManifest.xml:32:17-78
132-->src/main/AndroidManifest.xml:32:27-75
133
134                <data
134-->src/main/AndroidManifest.xml:33:17-62
135                    android:host="firebase.auth"
136                    android:path="/"
137                    android:scheme="genericidp" />
137-->src/main/AndroidManifest.xml:33:23-59
138            </intent-filter>
139        </activity>
140        <activity
140-->[com.google.firebase:firebase-auth:22.3.1] AndroidManifest.xml:47:9-64:20
141            android:name="com.google.firebase.auth.internal.RecaptchaActivity"
141-->[com.google.firebase:firebase-auth:22.3.1] AndroidManifest.xml:48:13-79
142            android:excludeFromRecents="true"
142-->[com.google.firebase:firebase-auth:22.3.1] AndroidManifest.xml:49:13-46
143            android:exported="true"
143-->[com.google.firebase:firebase-auth:22.3.1] AndroidManifest.xml:50:13-36
144            android:launchMode="singleTask"
144-->[com.google.firebase:firebase-auth:22.3.1] AndroidManifest.xml:51:13-44
145            android:theme="@android:style/Theme.Translucent.NoTitleBar" >
145-->[com.google.firebase:firebase-auth:22.3.1] AndroidManifest.xml:52:13-72
146            <intent-filter>
146-->[com.google.firebase:firebase-auth:22.3.1] AndroidManifest.xml:53:13-63:29
147                <action android:name="android.intent.action.VIEW" />
147-->src/main/AndroidManifest.xml:30:17-69
147-->src/main/AndroidManifest.xml:30:25-66
148
149                <category android:name="android.intent.category.DEFAULT" />
149-->src/main/AndroidManifest.xml:31:17-76
149-->src/main/AndroidManifest.xml:31:27-73
150                <category android:name="android.intent.category.BROWSABLE" />
150-->src/main/AndroidManifest.xml:32:17-78
150-->src/main/AndroidManifest.xml:32:27-75
151
152                <data
152-->src/main/AndroidManifest.xml:33:17-62
153                    android:host="firebase.auth"
154                    android:path="/"
155                    android:scheme="recaptcha" />
155-->src/main/AndroidManifest.xml:33:23-59
156            </intent-filter>
157        </activity>
158        <activity
158-->[com.google.android.gms:play-services-base:18.1.0] AndroidManifest.xml:20:9-22:45
159            android:name="com.google.android.gms.common.api.GoogleApiActivity"
159-->[com.google.android.gms:play-services-base:18.1.0] AndroidManifest.xml:20:19-85
160            android:exported="false"
160-->[com.google.android.gms:play-services-base:18.1.0] AndroidManifest.xml:22:19-43
161            android:theme="@android:style/Theme.Translucent.NoTitleBar" />
161-->[com.google.android.gms:play-services-base:18.1.0] AndroidManifest.xml:21:19-78
162
163        <provider
163-->[com.google.firebase:firebase-common:20.4.2] AndroidManifest.xml:23:9-28:39
164            android:name="com.google.firebase.provider.FirebaseInitProvider"
164-->[com.google.firebase:firebase-common:20.4.2] AndroidManifest.xml:24:13-77
165            android:authorities="com.unclecurly320.petserviceapp.firebaseinitprovider"
165-->[com.google.firebase:firebase-common:20.4.2] AndroidManifest.xml:25:13-72
166            android:directBootAware="true"
166-->[com.google.firebase:firebase-common:20.4.2] AndroidManifest.xml:26:13-43
167            android:exported="false"
167-->[com.google.firebase:firebase-common:20.4.2] AndroidManifest.xml:27:13-37
168            android:initOrder="100" />
168-->[com.google.firebase:firebase-common:20.4.2] AndroidManifest.xml:28:13-36
169
170        <meta-data
170-->[com.google.android.gms:play-services-basement:18.3.0] AndroidManifest.xml:21:9-23:69
171            android:name="com.google.android.gms.version"
171-->[com.google.android.gms:play-services-basement:18.3.0] AndroidManifest.xml:22:13-58
172            android:value="@integer/google_play_services_version" />
172-->[com.google.android.gms:play-services-basement:18.3.0] AndroidManifest.xml:23:13-66
173
174        <uses-library
174-->[androidx.window:window:1.0.0-beta04] AndroidManifest.xml:25:9-27:40
175            android:name="androidx.window.extensions"
175-->[androidx.window:window:1.0.0-beta04] AndroidManifest.xml:26:13-54
176            android:required="false" />
176-->[androidx.window:window:1.0.0-beta04] AndroidManifest.xml:27:13-37
177        <uses-library
177-->[androidx.window:window:1.0.0-beta04] AndroidManifest.xml:28:9-30:40
178            android:name="androidx.window.sidecar"
178-->[androidx.window:window:1.0.0-beta04] AndroidManifest.xml:29:13-51
179            android:required="false" />
179-->[androidx.window:window:1.0.0-beta04] AndroidManifest.xml:30:13-37
180
181        <provider
181-->[androidx.profileinstaller:profileinstaller:1.3.0] AndroidManifest.xml:24:9-32:20
182            android:name="androidx.startup.InitializationProvider"
182-->[androidx.profileinstaller:profileinstaller:1.3.0] AndroidManifest.xml:25:13-67
183            android:authorities="com.unclecurly320.petserviceapp.androidx-startup"
183-->[androidx.profileinstaller:profileinstaller:1.3.0] AndroidManifest.xml:26:13-68
184            android:exported="false" >
184-->[androidx.profileinstaller:profileinstaller:1.3.0] AndroidManifest.xml:27:13-37
185            <meta-data
185-->[androidx.profileinstaller:profileinstaller:1.3.0] AndroidManifest.xml:29:13-31:52
186                android:name="androidx.profileinstaller.ProfileInstallerInitializer"
186-->[androidx.profileinstaller:profileinstaller:1.3.0] AndroidManifest.xml:30:17-85
187                android:value="androidx.startup" />
187-->[androidx.profileinstaller:profileinstaller:1.3.0] AndroidManifest.xml:31:17-49
188        </provider>
189
190        <receiver
190-->[androidx.profileinstaller:profileinstaller:1.3.0] AndroidManifest.xml:34:9-52:20
191            android:name="androidx.profileinstaller.ProfileInstallReceiver"
191-->[androidx.profileinstaller:profileinstaller:1.3.0] AndroidManifest.xml:35:13-76
192            android:directBootAware="false"
192-->[androidx.profileinstaller:profileinstaller:1.3.0] AndroidManifest.xml:36:13-44
193            android:enabled="true"
193-->[androidx.profileinstaller:profileinstaller:1.3.0] AndroidManifest.xml:37:13-35
194            android:exported="true"
194-->[androidx.profileinstaller:profileinstaller:1.3.0] AndroidManifest.xml:38:13-36
195            android:permission="android.permission.DUMP" >
195-->[androidx.profileinstaller:profileinstaller:1.3.0] AndroidManifest.xml:39:13-57
196            <intent-filter>
196-->[androidx.profileinstaller:profileinstaller:1.3.0] AndroidManifest.xml:40:13-42:29
197                <action android:name="androidx.profileinstaller.action.INSTALL_PROFILE" />
197-->[androidx.profileinstaller:profileinstaller:1.3.0] AndroidManifest.xml:41:17-91
197-->[androidx.profileinstaller:profileinstaller:1.3.0] AndroidManifest.xml:41:25-88
198            </intent-filter>
199            <intent-filter>
199-->[androidx.profileinstaller:profileinstaller:1.3.0] AndroidManifest.xml:43:13-45:29
200                <action android:name="androidx.profileinstaller.action.SKIP_FILE" />
200-->[androidx.profileinstaller:profileinstaller:1.3.0] AndroidManifest.xml:44:17-85
200-->[androidx.profileinstaller:profileinstaller:1.3.0] AndroidManifest.xml:44:25-82
201            </intent-filter>
202            <intent-filter>
202-->[androidx.profileinstaller:profileinstaller:1.3.0] AndroidManifest.xml:46:13-48:29
203                <action android:name="androidx.profileinstaller.action.SAVE_PROFILE" />
203-->[androidx.profileinstaller:profileinstaller:1.3.0] AndroidManifest.xml:47:17-88
203-->[androidx.profileinstaller:profileinstaller:1.3.0] AndroidManifest.xml:47:25-85
204            </intent-filter>
205            <intent-filter>
205-->[androidx.profileinstaller:profileinstaller:1.3.0] AndroidManifest.xml:49:13-51:29
206                <action android:name="androidx.profileinstaller.action.BENCHMARK_OPERATION" />
206-->[androidx.profileinstaller:profileinstaller:1.3.0] AndroidManifest.xml:50:17-95
206-->[androidx.profileinstaller:profileinstaller:1.3.0] AndroidManifest.xml:50:25-92
207            </intent-filter>
208        </receiver>
209    </application>
210
211</manifest>